2020-01-09 15:46:20.681  INFO 18384 --- [main] c.c.a.t.TaximetroVirtualApplication      : Starting TaximetroVirtualApplication on DIEGO-AVILA with PID 18384 (C:\Users\diego.avila\Documents\proyectos\TaximetroVirtual\TaximetroVirtual\bin\main started by diego.avila in C:\Users\diego.avila\Documents\proyectos\TaximetroVirtual\TaximetroVirtual)
2020-01-09 15:46:20.685  INFO 18384 --- [main] c.c.a.t.TaximetroVirtualApplication      : No active profile set, falling back to default profiles: default
2020-01-09 15:46:21.766  INFO 18384 --- [main] .s.d.r.c.RepositoryConfigurationDelegate : Bootstrapping Spring Data JPA repositories in DEFAULT mode.
2020-01-09 15:46:21.878  INFO 18384 --- [main] .s.d.r.c.RepositoryConfigurationDelegate : Finished Spring Data repository scanning in 103ms. Found 3 JPA repository interfaces.
2020-01-09 15:46:22.195  INFO 18384 --- [main] trationDelegate$BeanPostProcessorChecker : Bean 'org.springframework.transaction.annotation.ProxyTransactionManagementConfiguration' of type [org.springframework.transaction.annotation.ProxyTransactionManagementConfiguration] is not eligible for getting processed by all BeanPostProcessors (for example: not eligible for auto-proxying)
2020-01-09 15:46:22.447  INFO 18384 --- [main] o.s.b.w.embedded.tomcat.TomcatWebServer  : Tomcat initialized with port(s): 8080 (http)
2020-01-09 15:46:22.455  INFO 18384 --- [main] o.apache.catalina.core.StandardService   : Starting service [Tomcat]
2020-01-09 15:46:22.455  INFO 18384 --- [main] org.apache.catalina.core.StandardEngine  : Starting Servlet engine: [Apache Tomcat/9.0.29]
2020-01-09 15:46:22.588  INFO 18384 --- [main] o.a.c.c.C.[Tomcat].[localhost].[/]       : Initializing Spring embedded WebApplicationContext
2020-01-09 15:46:22.588  INFO 18384 --- [main] o.s.web.context.ContextLoader            : Root WebApplicationContext: initialization completed in 1849 ms
2020-01-09 15:46:22.828  INFO 18384 --- [main] o.hibernate.jpa.internal.util.LogHelper  : HHH000204: Processing PersistenceUnitInfo [name: default]
2020-01-09 15:46:22.937  INFO 18384 --- [main] org.hibernate.Version                    : HHH000412: Hibernate Core {5.4.9.Final}
2020-01-09 15:46:23.171  INFO 18384 --- [main] o.hibernate.annotations.common.Version   : HCANN000001: Hibernate Commons Annotations {5.1.0.Final}
2020-01-09 15:46:23.395  INFO 18384 --- [main] com.zaxxer.hikari.HikariDataSource       : HikariPool-1 - Starting...
2020-01-09 15:46:24.398  INFO 18384 --- [main] com.zaxxer.hikari.HikariDataSource       : HikariPool-1 - Start completed.
2020-01-09 15:46:24.411  INFO 18384 --- [main] org.hibernate.dialect.Dialect            : HHH000400: Using dialect: org.hibernate.dialect.MySQL8Dialect
2020-01-09 15:46:25.312  INFO 18384 --- [main] o.h.e.t.j.p.i.JtaPlatformInitiator       : HHH000490: Using JtaPlatform implementation: [org.hibernate.engine.transaction.jta.platform.internal.NoJtaPlatform]
2020-01-09 15:46:25.319  INFO 18384 --- [main] j.LocalContainerEntityManagerFactoryBean : Initialized JPA EntityManagerFactory for persistence unit 'default'
2020-01-09 15:46:26.054  WARN 18384 --- [main] JpaBaseConfiguration$JpaWebConfiguration : spring.jpa.open-in-view is enabled by default. Therefore, database queries may be performed during view rendering. Explicitly configure spring.jpa.open-in-view to disable this warning
2020-01-09 15:46:26.222  INFO 18384 --- [main] pertySourcedRequestMappingHandlerMapping : Mapped URL path [/v2/api-docs] onto method [springfox.documentation.swagger2.web.Swagger2Controller#getDocumentation(String, HttpServletRequest)]
2020-01-09 15:46:26.368  INFO 18384 --- [main] o.s.s.concurrent.ThreadPoolTaskExecutor  : Initializing ExecutorService 'applicationTaskExecutor'
2020-01-09 15:46:26.534  INFO 18384 --- [main] d.s.w.p.DocumentationPluginsBootstrapper : Context refreshed
2020-01-09 15:46:26.550  INFO 18384 --- [main] d.s.w.p.DocumentationPluginsBootstrapper : Found 1 custom documentation plugin(s)
2020-01-09 15:46:26.602  INFO 18384 --- [main] s.d.s.w.s.ApiListingReferenceScanner     : Scanning for api listing references
2020-01-09 15:46:26.836  INFO 18384 --- [main] o.s.b.w.embedded.tomcat.TomcatWebServer  : Tomcat started on port(s): 8080 (http) with context path ''
2020-01-09 15:46:26.839  INFO 18384 --- [main] c.c.a.t.TaximetroVirtualApplication      : Started TaximetroVirtualApplication in 6.592 seconds (JVM running for 8.255)
2020-01-09 15:46:36.335  INFO 18384 --- [http-nio-8080-exec-1] o.a.c.c.C.[Tomcat].[localhost].[/]       : Initializing Spring DispatcherServlet 'dispatcherServlet'
2020-01-09 15:46:36.335  INFO 18384 --- [http-nio-8080-exec-1] o.s.web.servlet.DispatcherServlet        : Initializing Servlet 'dispatcherServlet'
2020-01-09 15:46:36.352  INFO 18384 --- [http-nio-8080-exec-1] o.s.web.servlet.DispatcherServlet        : Completed initialization in 17 ms
2020-01-09 15:46:36.399  WARN 18384 --- [http-nio-8080-exec-1] c.c.a.t.i.c.ControladorCliente           : sending hello world response...
2020-01-09 15:49:10.498  INFO 18384 --- [RMI TCP Connection(2)-127.0.0.1] inMXBeanRegistrar$SpringApplicationAdmin : Application shutdown requested.
2020-01-09 15:49:10.501  INFO 18384 --- [RMI TCP Connection(2)-127.0.0.1] o.s.s.concurrent.ThreadPoolTaskExecutor  : Shutting down ExecutorService 'applicationTaskExecutor'
2020-01-09 15:49:10.505  INFO 18384 --- [RMI TCP Connection(2)-127.0.0.1] j.LocalContainerEntityManagerFactoryBean : Closing JPA EntityManagerFactory for persistence unit 'default'
2020-01-09 15:49:10.508  INFO 18384 --- [RMI TCP Connection(2)-127.0.0.1] com.zaxxer.hikari.HikariDataSource       : HikariPool-1 - Shutdown initiated...
2020-01-09 15:49:10.520  INFO 18384 --- [RMI TCP Connection(2)-127.0.0.1] com.zaxxer.hikari.HikariDataSource       : HikariPool-1 - Shutdown completed.
2020-01-09 15:50:27.761  INFO 11252 --- [main] c.c.a.t.TaximetroVirtualApplication      : Starting TaximetroVirtualApplication on DIEGO-AVILA with PID 11252 (C:\Users\diego.avila\Documents\proyectos\TaximetroVirtual\TaximetroVirtual\bin\main started by diego.avila in C:\Users\diego.avila\Documents\proyectos\TaximetroVirtual\TaximetroVirtual)
2020-01-09 15:50:27.765  INFO 11252 --- [main] c.c.a.t.TaximetroVirtualApplication      : No active profile set, falling back to default profiles: default
2020-01-09 15:50:29.015  INFO 11252 --- [main] .s.d.r.c.RepositoryConfigurationDelegate : Bootstrapping Spring Data JPA repositories in DEFAULT mode.
2020-01-09 15:50:29.142  INFO 11252 --- [main] .s.d.r.c.RepositoryConfigurationDelegate : Finished Spring Data repository scanning in 118ms. Found 3 JPA repository interfaces.
2020-01-09 15:50:29.459  INFO 11252 --- [main] trationDelegate$BeanPostProcessorChecker : Bean 'org.springframework.transaction.annotation.ProxyTransactionManagementConfiguration' of type [org.springframework.transaction.annotation.ProxyTransactionManagementConfiguration] is not eligible for getting processed by all BeanPostProcessors (for example: not eligible for auto-proxying)
2020-01-09 15:50:29.718  INFO 11252 --- [main] o.s.b.w.embedded.tomcat.TomcatWebServer  : Tomcat initialized with port(s): 8080 (http)
2020-01-09 15:50:29.727  INFO 11252 --- [main] o.apache.catalina.core.StandardService   : Starting service [Tomcat]
2020-01-09 15:50:29.727  INFO 11252 --- [main] org.apache.catalina.core.StandardEngine  : Starting Servlet engine: [Apache Tomcat/9.0.29]
2020-01-09 15:50:29.866  INFO 11252 --- [main] o.a.c.c.C.[Tomcat].[localhost].[/]       : Initializing Spring embedded WebApplicationContext
2020-01-09 15:50:29.866  INFO 11252 --- [main] o.s.web.context.ContextLoader            : Root WebApplicationContext: initialization completed in 2040 ms
2020-01-09 15:50:30.051  INFO 11252 --- [main] o.hibernate.jpa.internal.util.LogHelper  : HHH000204: Processing PersistenceUnitInfo [name: default]
2020-01-09 15:50:30.116  INFO 11252 --- [main] org.hibernate.Version                    : HHH000412: Hibernate Core {5.4.9.Final}
2020-01-09 15:50:30.250  INFO 11252 --- [main] o.hibernate.annotations.common.Version   : HCANN000001: Hibernate Commons Annotations {5.1.0.Final}
2020-01-09 15:50:30.409  INFO 11252 --- [main] com.zaxxer.hikari.HikariDataSource       : HikariPool-1 - Starting...
2020-01-09 15:50:31.388  INFO 11252 --- [main] com.zaxxer.hikari.HikariDataSource       : HikariPool-1 - Start completed.
2020-01-09 15:50:31.401  INFO 11252 --- [main] org.hibernate.dialect.Dialect            : HHH000400: Using dialect: org.hibernate.dialect.MySQL8Dialect
2020-01-09 15:50:32.269  INFO 11252 --- [main] o.h.e.t.j.p.i.JtaPlatformInitiator       : HHH000490: Using JtaPlatform implementation: [org.hibernate.engine.transaction.jta.platform.internal.NoJtaPlatform]
2020-01-09 15:50:32.276  INFO 11252 --- [main] j.LocalContainerEntityManagerFactoryBean : Initialized JPA EntityManagerFactory for persistence unit 'default'
2020-01-09 15:50:32.923  WARN 11252 --- [main] JpaBaseConfiguration$JpaWebConfiguration : spring.jpa.open-in-view is enabled by default. Therefore, database queries may be performed during view rendering. Explicitly configure spring.jpa.open-in-view to disable this warning
2020-01-09 15:50:33.058  INFO 11252 --- [main] pertySourcedRequestMappingHandlerMapping : Mapped URL path [/v2/api-docs] onto method [springfox.documentation.swagger2.web.Swagger2Controller#getDocumentation(String, HttpServletRequest)]
2020-01-09 15:50:33.202  INFO 11252 --- [main] o.s.s.concurrent.ThreadPoolTaskExecutor  : Initializing ExecutorService 'applicationTaskExecutor'
2020-01-09 15:50:33.469  INFO 11252 --- [main] d.s.w.p.DocumentationPluginsBootstrapper : Context refreshed
2020-01-09 15:50:33.500  INFO 11252 --- [main] d.s.w.p.DocumentationPluginsBootstrapper : Found 1 custom documentation plugin(s)
2020-01-09 15:50:33.577  INFO 11252 --- [main] s.d.s.w.s.ApiListingReferenceScanner     : Scanning for api listing references
2020-01-09 15:50:33.926  INFO 11252 --- [main] o.s.b.w.embedded.tomcat.TomcatWebServer  : Tomcat started on port(s): 8080 (http) with context path ''
2020-01-09 15:50:33.933  INFO 11252 --- [main] c.c.a.t.TaximetroVirtualApplication      : Started TaximetroVirtualApplication in 6.622 seconds (JVM running for 8.24)
2020-01-09 15:50:38.757  INFO 11252 --- [http-nio-8080-exec-2] o.a.c.c.C.[Tomcat].[localhost].[/]       : Initializing Spring DispatcherServlet 'dispatcherServlet'
2020-01-09 15:50:38.757  INFO 11252 --- [http-nio-8080-exec-2] o.s.web.servlet.DispatcherServlet        : Initializing Servlet 'dispatcherServlet'
2020-01-09 15:50:38.774  INFO 11252 --- [http-nio-8080-exec-2] o.s.web.servlet.DispatcherServlet        : Completed initialization in 17 ms
2020-01-09 15:50:38.830  WARN 11252 --- [http-nio-8080-exec-2] c.c.a.t.i.c.ControladorCliente           : sending hello world response...
2020-01-09 15:51:53.791  INFO 11252 --- [RMI TCP Connection(2)-127.0.0.1] inMXBeanRegistrar$SpringApplicationAdmin : Application shutdown requested.
2020-01-09 15:51:53.794  INFO 11252 --- [RMI TCP Connection(2)-127.0.0.1] o.s.s.concurrent.ThreadPoolTaskExecutor  : Shutting down ExecutorService 'applicationTaskExecutor'
2020-01-09 15:51:53.798  INFO 11252 --- [RMI TCP Connection(2)-127.0.0.1] j.LocalContainerEntityManagerFactoryBean : Closing JPA EntityManagerFactory for persistence unit 'default'
2020-01-09 15:51:53.801  INFO 11252 --- [RMI TCP Connection(2)-127.0.0.1] com.zaxxer.hikari.HikariDataSource       : HikariPool-1 - Shutdown initiated...
2020-01-09 15:51:53.811  INFO 11252 --- [RMI TCP Connection(2)-127.0.0.1] com.zaxxer.hikari.HikariDataSource       : HikariPool-1 - Shutdown completed.
